Landing access
Landing access
Landing access
Landing access
Landing access
Landing access
Landing access
Landing access
Landing access
Landing access
Landing access
Landing access
Landing access
Landing access
Landing access
Friday December, 11 2020 17:28:52landing akses
Friday December, 11 2020 17:29:12 Akses home
Friday December, 11 2020 17:36:05 landing akses
Friday December, 11 2020 17:48:20 landing akses
Friday December, 11 2020 17:49:26 landing akses
Friday December, 11 2020 17:49:27 landing akses
Friday December, 11 2020 17:49:27 landing akses
Friday December, 11 2020 17:49:27 landing akses
Friday December, 11 2020 17:59:39 landing akses
Friday December, 11 2020 17:59:40 landing akses
Friday December, 11 2020 17:59:40 landing akses
Friday December, 11 2020 17:59:40 landing akses
Friday December, 11 2020 17:59:54 landing akses
Friday December, 11 2020 17:59:55 landing akses
Friday December, 11 2020 17:59:55 landing akses
Friday December, 11 2020 17:59:55 landing akses
Friday December, 11 2020 17:59:55 landing akses
Friday December, 11 2020 17:59:55 landing akses
Friday December, 11 2020 17:59:55 landing akses
Friday December, 11 2020 17:59:55 landing akses
Friday December, 11 2020 17:59:56 landing akses
Friday December, 11 2020 17:59:56 landing akses
Friday December, 11 2020 17:59:56 landing akses
Friday December, 11 2020 17:59:56 landing akses
Friday December, 11 2020 17:59:56 landing akses
Friday December, 11 2020 18:01:24 landing akses
Friday December, 11 2020 18:01:25 landing akses
Friday December, 11 2020 18:02:52 landing akses
Friday December, 11 2020 18:22:11 Akses home
Friday December, 11 2020 18:35:08 landing akses
Friday December, 11 2020 18:36:35 landing akses
Friday December, 11 2020 18:37:42 landing akses
Friday December, 11 2020 18:42:03 landing akses
Friday December, 11 2020 18:47:59 landing akses
Friday December, 11 2020 18:48:00 landing akses
Friday December, 11 2020 18:48:00 landing akses
Friday December, 11 2020 18:55:04 landing akses
Friday December, 11 2020 18:55:11 Akses home
Friday December, 11 2020 18:56:33 landing akses
Friday December, 11 2020 18:56:54 landing akses
Friday December, 11 2020 19:03:57 Akses home
Friday December, 11 2020 19:04:00 landing akses
Friday December, 11 2020 19:22:40 landing akses
Friday December, 11 2020 19:23:11 landing akses
Friday December, 11 2020 19:24:09 landing akses
Friday December, 11 2020 19:24:10 landing akses
Friday December, 11 2020 19:24:10 landing akses
Friday December, 11 2020 19:24:10 landing akses
Friday December, 11 2020 19:24:11 landing akses
Friday December, 11 2020 19:24:11 landing akses
Friday December, 11 2020 19:25:05 landing akses
Friday December, 11 2020 19:28:46 landing akses
Friday December, 11 2020 19:36:01 Akses home
Friday December, 11 2020 19:38:47 landing akses
Friday December, 11 2020 19:40:28 landing akses
Friday December, 11 2020 19:48:26 landing akses
Saturday December, 12 2020 22:44:13 landing akses
Saturday December, 12 2020 22:44:25 Akses home
Saturday December, 12 2020 22:45:28 landing akses
Saturday December, 12 2020 22:47:30 landing akses
Sunday December, 13 2020 01:12:02 landing akses
Sunday December, 13 2020 01:14:57 landing akses
Sunday December, 13 2020 01:14:58 landing akses
Sunday December, 13 2020 01:15:00 landing akses
Sunday December, 13 2020 01:15:15 landing akses
Sunday December, 13 2020 01:15:18 landing akses
Sunday December, 13 2020 01:15:18 landing akses
Sunday December, 13 2020 01:15:18 landing akses
Sunday December, 13 2020 01:15:34 landing akses
Sunday December, 13 2020 01:17:59 landing akses
Sunday December, 13 2020 01:17:59 landing akses
Sunday December, 13 2020 01:18:00 landing akses
Sunday December, 13 2020 01:18:04 landing akses
Sunday December, 13 2020 01:18:05 landing akses
Sunday December, 13 2020 01:18:05 landing akses
Sunday December, 13 2020 01:18:37 landing akses
Sunday December, 13 2020 01:18:38 landing akses
Sunday December, 13 2020 01:18:38 landing akses
Sunday December, 13 2020 01:18:38 landing akses
Sunday December, 13 2020 01:18:39 landing akses
Sunday December, 13 2020 01:18:39 landing akses
Sunday December, 13 2020 01:31:58 landing akses
Sunday December, 13 2020 01:33:09 landing akses
Sunday December, 13 2020 01:33:10 landing akses
Sunday December, 13 2020 01:33:10 landing akses
Sunday December, 13 2020 01:33:10 landing akses
Sunday December, 13 2020 01:33:11 landing akses
Sunday December, 13 2020 01:33:11 landing akses
Sunday December, 13 2020 01:33:11 landing akses
Sunday December, 13 2020 01:33:11 landing akses
Sunday December, 13 2020 01:36:36 landing akses
Sunday December, 13 2020 01:36:37 landing akses
Sunday December, 13 2020 01:36:37 landing akses
Sunday December, 13 2020 01:36:37 landing akses
Sunday December, 13 2020 01:36:54 landing akses
Sunday December, 13 2020 01:36:55 landing akses
Sunday December, 13 2020 01:36:55 landing akses
Sunday December, 13 2020 01:37:04 landing akses
Sunday December, 13 2020 01:37:04 landing akses
Sunday December, 13 2020 01:37:05 landing akses
Sunday December, 13 2020 01:37:05 landing akses
Sunday December, 13 2020 01:37:31 landing akses
Sunday December, 13 2020 02:28:36 Akses home
Sunday December, 13 2020 02:30:11 landing akses
Sunday December, 13 2020 02:32:10 landing akses
Sunday December, 13 2020 02:32:25 landing akses
Sunday December, 13 2020 02:39:00 landing akses
Sunday December, 13 2020 02:39:02 landing akses
Sunday December, 13 2020 02:39:03 landing akses
Sunday December, 13 2020 02:39:04 landing akses
Sunday December, 13 2020 02:39:12 landing akses
Sunday December, 13 2020 02:39:12 landing akses
Sunday December, 13 2020 02:39:13 landing akses
Sunday December, 13 2020 02:40:10 landing akses
Sunday December, 13 2020 02:40:11 landing akses
Sunday December, 13 2020 02:40:12 landing akses
Sunday December, 13 2020 02:40:12 landing akses
Sunday December, 13 2020 02:40:12 landing akses
Sunday December, 13 2020 02:40:12 landing akses
Sunday December, 13 2020 02:40:23 landing akses
Sunday December, 13 2020 02:40:26 landing akses
Sunday December, 13 2020 02:40:26 landing akses
Sunday December, 13 2020 02:40:26 landing akses
Sunday December, 13 2020 02:41:27 landing akses
Sunday December, 13 2020 02:42:01 landing akses
Sunday December, 13 2020 02:57:55 landing akses
Sunday December, 13 2020 03:00:48 landing akses
Sunday December, 13 2020 10:53:18 Akses home
Sunday December, 13 2020 11:02:55 landing akses
Sunday December, 13 2020 11:03:26 landing akses
Sunday December, 13 2020 11:03:28 landing akses
Sunday December, 13 2020 11:03:31 landing akses
Sunday December, 13 2020 11:03:32 landing akses
Sunday December, 13 2020 11:03:32 landing akses
Sunday December, 13 2020 11:03:45 landing akses
Sunday December, 13 2020 11:06:56 landing akses
Sunday December, 13 2020 12:06:51 landing akses
Sunday December, 13 2020 12:06:52 landing akses
Sunday December, 13 2020 12:07:10 landing akses
Sunday December, 13 2020 12:07:22 landing akses
Sunday December, 13 2020 12:07:32 landing akses
Sunday December, 13 2020 12:07:32 landing akses
Sunday December, 13 2020 12:07:33 landing akses
Sunday December, 13 2020 12:08:18 landing akses
Sunday December, 13 2020 12:08:30 landing akses
Sunday December, 13 2020 12:08:31 landing akses
Sunday December, 13 2020 12:08:56 landing akses
Sunday December, 13 2020 12:09:14 landing akses
Sunday December, 13 2020 12:09:25 landing akses
Sunday December, 13 2020 12:09:41 landing akses
Sunday December, 13 2020 12:10:06 landing akses
Sunday December, 13 2020 12:11:43 landing akses
Sunday December, 13 2020 12:11:44 landing akses
Sunday December, 13 2020 12:12:21 landing akses
Sunday December, 13 2020 12:12:23 landing akses
Sunday December, 13 2020 12:13:18 landing akses
Sunday December, 13 2020 12:13:18 landing akses
Sunday December, 13 2020 12:13:19 landing akses
Sunday December, 13 2020 12:13:32 landing akses
Sunday December, 13 2020 12:13:33 landing akses
Sunday December, 13 2020 12:13:33 landing akses
Sunday December, 13 2020 12:13:47 landing akses
Sunday December, 13 2020 12:13:47 landing akses
Sunday December, 13 2020 12:13:48 landing akses
Sunday December, 13 2020 12:13:48 landing akses
Sunday December, 13 2020 12:13:51 landing akses
Sunday December, 13 2020 12:13:51 landing akses
Sunday December, 13 2020 12:14:18 landing akses
Sunday December, 13 2020 12:14:18 landing akses
Sunday December, 13 2020 12:14:19 landing akses
Sunday December, 13 2020 12:16:54 landing akses
Sunday December, 13 2020 12:16:55 landing akses
Sunday December, 13 2020 12:18:37 landing akses
Sunday December, 13 2020 12:18:38 landing akses
Sunday December, 13 2020 12:18:47 landing akses
Sunday December, 13 2020 12:18:57 landing akses
Sunday December, 13 2020 12:18:58 landing akses
Sunday December, 13 2020 12:20:39 landing akses
Sunday December, 13 2020 12:20:41 landing akses
Sunday December, 13 2020 12:21:05 landing akses
Sunday December, 13 2020 12:21:06 landing akses
Sunday December, 13 2020 12:21:18 landing akses
Sunday December, 13 2020 12:21:34 landing akses
Sunday December, 13 2020 12:23:16 landing akses
Sunday December, 13 2020 12:23:35 landing akses
Sunday December, 13 2020 12:24:45 landing akses
Sunday December, 13 2020 12:25:34 landing akses
Sunday December, 13 2020 12:26:24 landing akses
Sunday December, 13 2020 13:48:12 landing akses
Sunday December, 13 2020 13:48:42 landing akses
Sunday December, 13 2020 13:49:06 landing akses
Sunday December, 13 2020 13:49:07 landing akses
Sunday December, 13 2020 13:49:45 landing akses
Sunday December, 13 2020 13:49:45 landing akses
Sunday December, 13 2020 13:49:46 landing akses
Sunday December, 13 2020 13:49:46 landing akses
Sunday December, 13 2020 13:49:46 landing akses
Sunday December, 13 2020 13:50:24 landing akses
Sunday December, 13 2020 13:50:28 landing akses
